
> react-kavia@0.1.0 start
> react-scripts start

(node:984) [DEP_WEBPACK_DEV_SERVER_ON_AFTER_SETUP_MIDDLEWARE] DeprecationWarning: 'onAfterSetupMiddleware' option is deprecated. Please use the 'setupMiddlewares' option.
(Use `node --trace-deprecation ...` to show where the warning was created)
(node:984) [DEP_WEBPACK_DEV_SERVER_ON_BEFORE_SETUP_MIDDLEWARE] DeprecationWarning: 'onBeforeSetupMiddleware' option is deprecated. Please use the 'setupMiddlewares' option.
Starting the development server...

Compiled successfully!

You can now view react-kavia in the browser.

  Local:            http://localhost:3000
  On Your Network:  http://172.17.0.2:3000

Note that the development build is not optimized.
To create a production build, use npm run build.

webpack compiled successfully
Compiling...
Compiled with warnings.

[eslint] 
src/components/TicTacToe.js
  Line 1:27:   'useEffect' is defined but never used           no-unused-vars
  Line 22:10:  'scores' is assigned a value but never used     no-unused-vars
  Line 22:18:  'setScores' is assigned a value but never used  no-unused-vars

Search for the keywords to learn more about each warning.
To ignore, add // eslint-disable-next-line to the line before.

WARNING in [eslint] 
src/components/TicTacToe.js
  Line 1:27:   'useEffect' is defined but never used           no-unused-vars
  Line 22:10:  'scores' is assigned a value but never used     no-unused-vars
  Line 22:18:  'setScores' is assigned a value but never used  no-unused-vars

webpack compiled with 1 warning
Compiling...
Compiled with warnings.

[eslint] 
src/components/TicTacToe.js
  Line 1:27:   'useEffect' is defined but never used        no-unused-vars
  Line 22:10:  'scores' is assigned a value but never used  no-unused-vars

Search for the keywords to learn more about each warning.
To ignore, add // eslint-disable-next-line to the line before.

WARNING in [eslint] 
src/components/TicTacToe.js
  Line 1:27:   'useEffect' is defined but never used        no-unused-vars
  Line 22:10:  'scores' is assigned a value but never used  no-unused-vars

webpack compiled with 1 warning
Compiling...
Compiled with warnings.

[eslint] 
src/components/TicTacToe.js
  Line 1:27:   'useEffect' is defined but never used          no-unused-vars
  Line 22:10:  'scores' is assigned a value but never used    no-unused-vars
  Line 106:9:  'resetAll' is assigned a value but never used  no-unused-vars

Search for the keywords to learn more about each warning.
To ignore, add // eslint-disable-next-line to the line before.

WARNING in [eslint] 
src/components/TicTacToe.js
  Line 1:27:   'useEffect' is defined but never used          no-unused-vars
  Line 22:10:  'scores' is assigned a value but never used    no-unused-vars
  Line 106:9:  'resetAll' is assigned a value but never used  no-unused-vars

webpack compiled with 1 warning
Compiling...
Compiled with warnings.

[eslint] 
src/components/TicTacToe.js
  Line 1:27:  'useEffect' is defined but never used  no-unused-vars

Search for the keywords to learn more about each warning.
To ignore, add // eslint-disable-next-line to the line before.

WARNING in [eslint] 
src/components/TicTacToe.js
  Line 1:27:  'useEffect' is defined but never used  no-unused-vars

webpack compiled with 1 warning
Compiling...
Compiled with warnings.

[eslint] 
src/components/TicTacToe.js
  Line 1:27:  'useEffect' is defined but never used  no-unused-vars

Search for the keywords to learn more about each warning.
To ignore, add // eslint-disable-next-line to the line before.

WARNING in [eslint] 
src/components/TicTacToe.js
  Line 1:27:  'useEffect' is defined but never used  no-unused-vars

webpack compiled with 1 warning
Compiling...
Compiled with warnings.

[eslint] 
src/components/TicTacToe.js
  Line 3:8:  'GameBoard' is defined but never used     no-unused-vars
  Line 4:8:  'GameControls' is defined but never used  no-unused-vars

Search for the keywords to learn more about each warning.
To ignore, add // eslint-disable-next-line to the line before.

WARNING in [eslint] 
src/components/TicTacToe.js
  Line 3:8:  'GameBoard' is defined but never used     no-unused-vars
  Line 4:8:  'GameControls' is defined but never used  no-unused-vars

webpack compiled with 1 warning
Compiling...
Compiled with warnings.

[eslint] 
src/components/TicTacToe.js
  Line 120:9:  'renderSquare' is assigned a value but never used  no-unused-vars

Search for the keywords to learn more about each warning.
To ignore, add // eslint-disable-next-line to the line before.

WARNING in [eslint] 
src/components/TicTacToe.js
  Line 120:9:  'renderSquare' is assigned a value but never used  no-unused-vars

webpack compiled with 1 warning
Compiling...
Failed to compile.

[eslint] 
src/components/TicTacToe.js
Syntax error: Identifier 'handleClick' has already been declared. (120:8) (120:8)
ERROR in ./src/components/TicTacToe.js
Module build failed (from ./node_modules/babel-loader/lib/index.js):
SyntaxError: /home/kavia/workspace/code-generation/tictactoe-classic-96733-96738/main_container_for_tictactoe_classic/src/components/TicTacToe.js: Identifier 'handleClick' has already been declared. (120:8)

  118 |   
  119 |   // Handle click now just receives the index from the GameBoard component
> 120 |   const handleClick = (index) => {
      |         ^
  121 |     // Create a copy of the board
  122 |     const newBoard = [...board];
  123 |     
    at constructor (/home/kavia/workspace/code-generation/tictactoe-classic-96733-96738/main_container_for_tictactoe_classic/node_modules/@babel/parser/lib/index.js:360:19)
    at FlowParserMixin.raise (/home/kavia/workspace/code-generation/tictactoe-classic-96733-96738/main_container_for_tictactoe_classic/node_modules/@babel/parser/lib/index.js:3327:19)
    at FlowScopeHandler.checkRedeclarationInScope (/home/kavia/workspace/code-generation/tictactoe-classic-96733-96738/main_container_for_tictactoe_classic/node_modules/@babel/parser/lib/index.js:1555:19)
    at FlowScopeHandler.declareName (/home/kavia/workspace/code-generation/tictactoe-classic-96733-96738/main_container_for_tictactoe_classic/node_modules/@babel/parser/lib/index.js:1521:12)
    at FlowScopeHandler.declareName (/home/kavia/workspace/code-generation/tictactoe-classic-96733-96738/main_container_for_tictactoe_classic/node_modules/@babel/parser/lib/index.js:1622:11)
    at FlowParserMixin.declareNameFromIdentifier (/home/kavia/workspace/code-generation/tictactoe-classic-96733-96738/main_container_for_tictactoe_classic/node_modules/@babel/parser/lib/index.js:7476:16)
    at FlowParserMixin.checkIdentifier (/home/kavia/workspace/code-generation/tictactoe-classic-96733-96738/main_container_for_tictactoe_classic/node_modules/@babel/parser/lib/index.js:7472:12)
    at FlowParserMixin.checkLVal (/home/kavia/workspace/code-generation/tictactoe-classic-96733-96738/main_container_for_tictactoe_classic/node_modules/@babel/parser/lib/index.js:7413:12)
    at FlowParserMixin.parseVarId (/home/kavia/workspace/code-generation/tictactoe-classic-96733-96738/main_container_for_tictactoe_classic/node_modules/@babel/parser/lib/index.js:13052:10)
    at FlowParserMixin.parseVarId (/home/kavia/workspace/code-generation/tictactoe-classic-96733-96738/main_container_for_tictactoe_classic/node_modules/@babel/parser/lib/index.js:5698:11)
    at FlowParserMixin.parseVar (/home/kavia/workspace/code-generation/tictactoe-classic-96733-96738/main_container_for_tictactoe_classic/node_modules/@babel/parser/lib/index.js:13027:12)
    at FlowParserMixin.parseVarStatement (/home/kavia/workspace/code-generation/tictactoe-classic-96733-96738/main_container_for_tictactoe_classic/node_modules/@babel/parser/lib/index.js:12874:10)
    at FlowParserMixin.parseStatementContent (/home/kavia/workspace/code-generation/tictactoe-classic-96733-96738/main_container_for_tictactoe_classic/node_modules/@babel/parser/lib/index.js:12489:23)
    at FlowParserMixin.parseStatementLike (/home/kavia/workspace/code-generation/tictactoe-classic-96733-96738/main_container_for_tictactoe_classic/node_modules/@babel/parser/lib/index.js:12406:17)
    at FlowParserMixin.parseStatementLike (/home/kavia/workspace/code-generation/tictactoe-classic-96733-96738/main_container_for_tictactoe_classic/node_modules/@babel/parser/lib/index.js:5140:24)
    at FlowParserMixin.parseStatementListItem (/home/kavia/workspace/code-generation/tictactoe-classic-96733-96738/main_container_for_tictactoe_classic/node_modules/@babel/parser/lib/index.js:12386:17)
    at FlowParserMixin.parseBlockOrModuleBlockBody (/home/kavia/workspace/code-generation/tictactoe-classic-96733-96738/main_container_for_tictactoe_classic/node_modules/@babel/parser/lib/index.js:12960:61)
    at FlowParserMixin.parseBlockBody (/home/kavia/workspace/code-generation/tictactoe-classic-96733-96738/main_container_for_tictactoe_classic/node_modules/@babel/parser/lib/index.js:12953:10)
    at FlowParserMixin.parseBlock (/home/kavia/workspace/code-generation/tictactoe-classic-96733-96738/main_container_for_tictactoe_classic/node_modules/@babel/parser/lib/index.js:12941:10)
    at FlowParserMixin.parseFunctionBody (/home/kavia/workspace/code-generation/tictactoe-classic-96733-96738/main_container_for_tictactoe_classic/node_modules/@babel/parser/lib/index.js:11783:24)
    at FlowParserMixin.parseFunctionBody (/home/kavia/workspace/code-generation/tictactoe-classic-96733-96738/main_container_for_tictactoe_classic/node_modules/@babel/parser/lib/index.js:5117:11)
    at FlowParserMixin.parseFunctionBodyAndFinish (/home/kavia/workspace/code-generation/tictactoe-classic-96733-96738/main_container_for_tictactoe_classic/node_modules/@babel/parser/lib/index.js:11769:10)
    at FlowParserMixin.parseFunctionBodyAndFinish (/home/kavia/workspace/code-generation/tictactoe-classic-96733-96738/main_container_for_tictactoe_classic/node_modules/@babel/parser/lib/index.js:5125:18)
    at /home/kavia/workspace/code-generation/tictactoe-classic-96733-96738/main_container_for_tictactoe_classic/node_modules/@babel/parser/lib/index.js:13085:12
    at FlowParserMixin.withSmartMixTopicForbiddingContext (/home/kavia/workspace/code-generation/tictactoe-classic-96733-96738/main_container_for_tictactoe_classic/node_modules/@babel/parser/lib/index.js:12077:14)
    at FlowParserMixin.parseFunction (/home/kavia/workspace/code-generation/tictactoe-classic-96733-96738/main_container_for_tictactoe_classic/node_modules/@babel/parser/lib/index.js:13084:10)
    at FlowParserMixin.parseFunctionStatement (/home/kavia/workspace/code-generation/tictactoe-classic-96733-96738/main_container_for_tictactoe_classic/node_modules/@babel/parser/lib/index.js:12769:17)
    at FlowParserMixin.parseStatementContent (/home/kavia/workspace/code-generation/tictactoe-classic-96733-96738/main_container_for_tictactoe_classic/node_modules/@babel/parser/lib/index.js:12430:21)
    at FlowParserMixin.parseStatementLike (/home/kavia/workspace/code-generation/tictactoe-classic-96733-96738/main_container_for_tictactoe_classic/node_modules/@babel/parser/lib/index.js:12406:17)
    at FlowParserMixin.parseStatementLike (/home/kavia/workspace/code-generation/tictactoe-classic-96733-96738/main_container_for_tictactoe_classic/node_modules/@babel/parser/lib/index.js:5140:24)
    at FlowParserMixin.parseModuleItem (/home/kavia/workspace/code-generation/tictactoe-classic-96733-96738/main_container_for_tictactoe_classic/node_modules/@babel/parser/lib/index.js:12383:17)
    at FlowParserMixin.parseBlockOrModuleBlockBody (/home/kavia/workspace/code-generation/tictactoe-classic-96733-96738/main_container_for_tictactoe_classic/node_modules/@babel/parser/lib/index.js:12960:36)
    at FlowParserMixin.parseBlockBody (/home/kavia/workspace/code-generation/tictactoe-classic-96733-96738/main_container_for_tictactoe_classic/node_modules/@babel/parser/lib/index.js:12953:10)
    at FlowParserMixin.parseProgram (/home/kavia/workspace/code-generation/tictactoe-classic-96733-96738/main_container_for_tictactoe_classic/node_modules/@babel/parser/lib/index.js:12280:10)
    at FlowParserMixin.parseTopLevel (/home/kavia/workspace/code-generation/tictactoe-classic-96733-96738/main_container_for_tictactoe_classic/node_modules/@babel/parser/lib/index.js:12270:25)
    at FlowParserMixin.parseTopLevel (/home/kavia/workspace/code-generation/tictactoe-classic-96733-96738/main_container_for_tictactoe_classic/node_modules/@babel/parser/lib/index.js:5909:28)
    at FlowParserMixin.parse (/home/kavia/workspace/code-generation/tictactoe-classic-96733-96738/main_container_for_tictactoe_classic/node_modules/@babel/parser/lib/index.js:14120:10)
    at parse (/home/kavia/workspace/code-generation/tictactoe-classic-96733-96738/main_container_for_tictactoe_classic/node_modules/@babel/parser/lib/index.js:14154:38)
    at parser (/home/kavia/workspace/code-generation/tictactoe-classic-96733-96738/main_container_for_tictactoe_classic/node_modules/@babel/core/lib/parser/index.js:41:34)
    at parser.next (<anonymous>)
    at normalizeFile (/home/kavia/workspace/code-generation/tictactoe-classic-96733-96738/main_container_for_tictactoe_classic/node_modules/@babel/core/lib/transformation/normalize-file.js:64:37)
    at normalizeFile.next (<anonymous>)
    at run (/home/kavia/workspace/code-generation/tictactoe-classic-96733-96738/main_container_for_tictactoe_classic/node_modules/@babel/core/lib/transformation/index.js:22:50)
    at run.next (<anonymous>)
    at transform (/home/kavia/workspace/code-generation/tictactoe-classic-96733-96738/main_container_for_tictactoe_classic/node_modules/@babel/core/lib/transform.js:22:33)
    at transform.next (<anonymous>)
    at step (/home/kavia/workspace/code-generation/tictactoe-classic-96733-96738/main_container_for_tictactoe_classic/node_modules/gensync/index.js:261:32)
    at /home/kavia/workspace/code-generation/tictactoe-classic-96733-96738/main_container_for_tictactoe_classic/node_modules/gensync/index.js:273:13
    at async.call.result.err.err (/home/kavia/workspace/code-generation/tictactoe-classic-96733-96738/main_container_for_tictactoe_classic/node_modules/gensync/index.js:223:11)

ERROR in [eslint] 
src/components/TicTacToe.js
  Line 120:8:  Parsing error: Identifier 'handleClick' has already been declared. (120:8)

webpack compiled with 2 errors
Compiling...
Failed to compile.

[eslint] 
src/components/TicTacToe.js
Syntax error: Identifier 'handleClick' has already been declared. (120:8) (120:8)
ERROR in ./src/components/TicTacToe.js
Module build failed (from ./node_modules/babel-loader/lib/index.js):
SyntaxError: /home/kavia/workspace/code-generation/tictactoe-classic-96733-96738/main_container_for_tictactoe_classic/src/components/TicTacToe.js: Identifier 'handleClick' has already been declared. (120:8)

  118 |   
  119 |   // Handle click now just receives the index from the GameBoard component
> 120 |   const handleClick = (index) => {
      |         ^
  121 |     // Create a copy of the board
  122 |     const newBoard = [...board];
  123 |     
    at constructor (/home/kavia/workspace/code-generation/tictactoe-classic-96733-96738/main_container_for_tictactoe_classic/node_modules/@babel/parser/lib/index.js:360:19)
    at FlowParserMixin.raise (/home/kavia/workspace/code-generation/tictactoe-classic-96733-96738/main_container_for_tictactoe_classic/node_modules/@babel/parser/lib/index.js:3327:19)
    at FlowScopeHandler.checkRedeclarationInScope (/home/kavia/workspace/code-generation/tictactoe-classic-96733-96738/main_container_for_tictactoe_classic/node_modules/@babel/parser/lib/index.js:1555:19)
    at FlowScopeHandler.declareName (/home/kavia/workspace/code-generation/tictactoe-classic-96733-96738/main_container_for_tictactoe_classic/node_modules/@babel/parser/lib/index.js:1521:12)
    at FlowScopeHandler.declareName (/home/kavia/workspace/code-generation/tictactoe-classic-96733-96738/main_container_for_tictactoe_classic/node_modules/@babel/parser/lib/index.js:1622:11)
    at FlowParserMixin.declareNameFromIdentifier (/home/kavia/workspace/code-generation/tictactoe-classic-96733-96738/main_container_for_tictactoe_classic/node_modules/@babel/parser/lib/index.js:7476:16)
    at FlowParserMixin.checkIdentifier (/home/kavia/workspace/code-generation/tictactoe-classic-96733-96738/main_container_for_tictactoe_classic/node_modules/@babel/parser/lib/index.js:7472:12)
    at FlowParserMixin.checkLVal (/home/kavia/workspace/code-generation/tictactoe-classic-96733-96738/main_container_for_tictactoe_classic/node_modules/@babel/parser/lib/index.js:7413:12)
    at FlowParserMixin.parseVarId (/home/kavia/workspace/code-generation/tictactoe-classic-96733-96738/main_container_for_tictactoe_classic/node_modules/@babel/parser/lib/index.js:13052:10)
    at FlowParserMixin.parseVarId (/home/kavia/workspace/code-generation/tictactoe-classic-96733-96738/main_container_for_tictactoe_classic/node_modules/@babel/parser/lib/index.js:5698:11)
    at FlowParserMixin.parseVar (/home/kavia/workspace/code-generation/tictactoe-classic-96733-96738/main_container_for_tictactoe_classic/node_modules/@babel/parser/lib/index.js:13027:12)
    at FlowParserMixin.parseVarStatement (/home/kavia/workspace/code-generation/tictactoe-classic-96733-96738/main_container_for_tictactoe_classic/node_modules/@babel/parser/lib/index.js:12874:10)
    at FlowParserMixin.parseStatementContent (/home/kavia/workspace/code-generation/tictactoe-classic-96733-96738/main_container_for_tictactoe_classic/node_modules/@babel/parser/lib/index.js:12489:23)
    at FlowParserMixin.parseStatementLike (/home/kavia/workspace/code-generation/tictactoe-classic-96733-96738/main_container_for_tictactoe_classic/node_modules/@babel/parser/lib/index.js:12406:17)
    at FlowParserMixin.parseStatementLike (/home/kavia/workspace/code-generation/tictactoe-classic-96733-96738/main_container_for_tictactoe_classic/node_modules/@babel/parser/lib/index.js:5140:24)
    at FlowParserMixin.parseStatementListItem (/home/kavia/workspace/code-generation/tictactoe-classic-96733-96738/main_container_for_tictactoe_classic/node_modules/@babel/parser/lib/index.js:12386:17)
    at FlowParserMixin.parseBlockOrModuleBlockBody (/home/kavia/workspace/code-generation/tictactoe-classic-96733-96738/main_container_for_tictactoe_classic/node_modules/@babel/parser/lib/index.js:12960:61)
    at FlowParserMixin.parseBlockBody (/home/kavia/workspace/code-generation/tictactoe-classic-96733-96738/main_container_for_tictactoe_classic/node_modules/@babel/parser/lib/index.js:12953:10)
    at FlowParserMixin.parseBlock (/home/kavia/workspace/code-generation/tictactoe-classic-96733-96738/main_container_for_tictactoe_classic/node_modules/@babel/parser/lib/index.js:12941:10)
    at FlowParserMixin.parseFunctionBody (/home/kavia/workspace/code-generation/tictactoe-classic-96733-96738/main_container_for_tictactoe_classic/node_modules/@babel/parser/lib/index.js:11783:24)
    at FlowParserMixin.parseFunctionBody (/home/kavia/workspace/code-generation/tictactoe-classic-96733-96738/main_container_for_tictactoe_classic/node_modules/@babel/parser/lib/index.js:5117:11)
    at FlowParserMixin.parseFunctionBodyAndFinish (/home/kavia/workspace/code-generation/tictactoe-classic-96733-96738/main_container_for_tictactoe_classic/node_modules/@babel/parser/lib/index.js:11769:10)
    at FlowParserMixin.parseFunctionBodyAndFinish (/home/kavia/workspace/code-generation/tictactoe-classic-96733-96738/main_container_for_tictactoe_classic/node_modules/@babel/parser/lib/index.js:5125:18)
    at /home/kavia/workspace/code-generation/tictactoe-classic-96733-96738/main_container_for_tictactoe_classic/node_modules/@babel/parser/lib/index.js:13085:12
    at FlowParserMixin.withSmartMixTopicForbiddingContext (/home/kavia/workspace/code-generation/tictactoe-classic-96733-96738/main_container_for_tictactoe_classic/node_modules/@babel/parser/lib/index.js:12077:14)
    at FlowParserMixin.parseFunction (/home/kavia/workspace/code-generation/tictactoe-classic-96733-96738/main_container_for_tictactoe_classic/node_modules/@babel/parser/lib/index.js:13084:10)
    at FlowParserMixin.parseFunctionStatement (/home/kavia/workspace/code-generation/tictactoe-classic-96733-96738/main_container_for_tictactoe_classic/node_modules/@babel/parser/lib/index.js:12769:17)
    at FlowParserMixin.parseStatementContent (/home/kavia/workspace/code-generation/tictactoe-classic-96733-96738/main_container_for_tictactoe_classic/node_modules/@babel/parser/lib/index.js:12430:21)
    at FlowParserMixin.parseStatementLike (/home/kavia/workspace/code-generation/tictactoe-classic-96733-96738/main_container_for_tictactoe_classic/node_modules/@babel/parser/lib/index.js:12406:17)
    at FlowParserMixin.parseStatementLike (/home/kavia/workspace/code-generation/tictactoe-classic-96733-96738/main_container_for_tictactoe_classic/node_modules/@babel/parser/lib/index.js:5140:24)
    at FlowParserMixin.parseModuleItem (/home/kavia/workspace/code-generation/tictactoe-classic-96733-96738/main_container_for_tictactoe_classic/node_modules/@babel/parser/lib/index.js:12383:17)
    at FlowParserMixin.parseBlockOrModuleBlockBody (/home/kavia/workspace/code-generation/tictactoe-classic-96733-96738/main_container_for_tictactoe_classic/node_modules/@babel/parser/lib/index.js:12960:36)
    at FlowParserMixin.parseBlockBody (/home/kavia/workspace/code-generation/tictactoe-classic-96733-96738/main_container_for_tictactoe_classic/node_modules/@babel/parser/lib/index.js:12953:10)
    at FlowParserMixin.parseProgram (/home/kavia/workspace/code-generation/tictactoe-classic-96733-96738/main_container_for_tictactoe_classic/node_modules/@babel/parser/lib/index.js:12280:10)
    at FlowParserMixin.parseTopLevel (/home/kavia/workspace/code-generation/tictactoe-classic-96733-96738/main_container_for_tictactoe_classic/node_modules/@babel/parser/lib/index.js:12270:25)
    at FlowParserMixin.parseTopLevel (/home/kavia/workspace/code-generation/tictactoe-classic-96733-96738/main_container_for_tictactoe_classic/node_modules/@babel/parser/lib/index.js:5909:28)
    at FlowParserMixin.parse (/home/kavia/workspace/code-generation/tictactoe-classic-96733-96738/main_container_for_tictactoe_classic/node_modules/@babel/parser/lib/index.js:14120:10)
    at parse (/home/kavia/workspace/code-generation/tictactoe-classic-96733-96738/main_container_for_tictactoe_classic/node_modules/@babel/parser/lib/index.js:14154:38)
    at parser (/home/kavia/workspace/code-generation/tictactoe-classic-96733-96738/main_container_for_tictactoe_classic/node_modules/@babel/core/lib/parser/index.js:41:34)
    at parser.next (<anonymous>)
    at normalizeFile (/home/kavia/workspace/code-generation/tictactoe-classic-96733-96738/main_container_for_tictactoe_classic/node_modules/@babel/core/lib/transformation/normalize-file.js:64:37)
    at normalizeFile.next (<anonymous>)
    at run (/home/kavia/workspace/code-generation/tictactoe-classic-96733-96738/main_container_for_tictactoe_classic/node_modules/@babel/core/lib/transformation/index.js:22:50)
    at run.next (<anonymous>)
    at transform (/home/kavia/workspace/code-generation/tictactoe-classic-96733-96738/main_container_for_tictactoe_classic/node_modules/@babel/core/lib/transform.js:22:33)
    at transform.next (<anonymous>)
    at step (/home/kavia/workspace/code-generation/tictactoe-classic-96733-96738/main_container_for_tictactoe_classic/node_modules/gensync/index.js:261:32)
    at /home/kavia/workspace/code-generation/tictactoe-classic-96733-96738/main_container_for_tictactoe_classic/node_modules/gensync/index.js:273:13
    at async.call.result.err.err (/home/kavia/workspace/code-generation/tictactoe-classic-96733-96738/main_container_for_tictactoe_classic/node_modules/gensync/index.js:223:11)

ERROR in [eslint] 
src/components/TicTacToe.js
  Line 120:8:  Parsing error: Identifier 'handleClick' has already been declared. (120:8)

webpack compiled with 2 errors
Compiling...
Failed to compile.

[eslint] 
src/components/TicTacToe.js
Syntax error: Identifier 'handleClick' has already been declared. (120:8) (120:8)
ERROR in ./src/components/TicTacToe.js
Module build failed (from ./node_modules/babel-loader/lib/index.js):
SyntaxError: /home/kavia/workspace/code-generation/tictactoe-classic-96733-96738/main_container_for_tictactoe_classic/src/components/TicTacToe.js: Identifier 'handleClick' has already been declared. (120:8)

  118 |   
  119 |   // Handle click now just receives the index from the GameBoard component
> 120 |   const handleClick = (index) => {
      |         ^
  121 |     // Create a copy of the board
  122 |     const newBoard = [...board];
  123 |     
    at constructor (/home/kavia/workspace/code-generation/tictactoe-classic-96733-96738/main_container_for_tictactoe_classic/node_modules/@babel/parser/lib/index.js:360:19)
    at FlowParserMixin.raise (/home/kavia/workspace/code-generation/tictactoe-classic-96733-96738/main_container_for_tictactoe_classic/node_modules/@babel/parser/lib/index.js:3327:19)
    at FlowScopeHandler.checkRedeclarationInScope (/home/kavia/workspace/code-generation/tictactoe-classic-96733-96738/main_container_for_tictactoe_classic/node_modules/@babel/parser/lib/index.js:1555:19)
    at FlowScopeHandler.declareName (/home/kavia/workspace/code-generation/tictactoe-classic-96733-96738/main_container_for_tictactoe_classic/node_modules/@babel/parser/lib/index.js:1521:12)
    at FlowScopeHandler.declareName (/home/kavia/workspace/code-generation/tictactoe-classic-96733-96738/main_container_for_tictactoe_classic/node_modules/@babel/parser/lib/index.js:1622:11)
    at FlowParserMixin.declareNameFromIdentifier (/home/kavia/workspace/code-generation/tictactoe-classic-96733-96738/main_container_for_tictactoe_classic/node_modules/@babel/parser/lib/index.js:7476:16)
    at FlowParserMixin.checkIdentifier (/home/kavia/workspace/code-generation/tictactoe-classic-96733-96738/main_container_for_tictactoe_classic/node_modules/@babel/parser/lib/index.js:7472:12)
    at FlowParserMixin.checkLVal (/home/kavia/workspace/code-generation/tictactoe-classic-96733-96738/main_container_for_tictactoe_classic/node_modules/@babel/parser/lib/index.js:7413:12)
    at FlowParserMixin.parseVarId (/home/kavia/workspace/code-generation/tictactoe-classic-96733-96738/main_container_for_tictactoe_classic/node_modules/@babel/parser/lib/index.js:13052:10)
    at FlowParserMixin.parseVarId (/home/kavia/workspace/code-generation/tictactoe-classic-96733-96738/main_container_for_tictactoe_classic/node_modules/@babel/parser/lib/index.js:5698:11)
    at FlowParserMixin.parseVar (/home/kavia/workspace/code-generation/tictactoe-classic-96733-96738/main_container_for_tictactoe_classic/node_modules/@babel/parser/lib/index.js:13027:12)
    at FlowParserMixin.parseVarStatement (/home/kavia/workspace/code-generation/tictactoe-classic-96733-96738/main_container_for_tictactoe_classic/node_modules/@babel/parser/lib/index.js:12874:10)
    at FlowParserMixin.parseStatementContent (/home/kavia/workspace/code-generation/tictactoe-classic-96733-96738/main_container_for_tictactoe_classic/node_modules/@babel/parser/lib/index.js:12489:23)
    at FlowParserMixin.parseStatementLike (/home/kavia/workspace/code-generation/tictactoe-classic-96733-96738/main_container_for_tictactoe_classic/node_modules/@babel/parser/lib/index.js:12406:17)
    at FlowParserMixin.parseStatementLike (/home/kavia/workspace/code-generation/tictactoe-classic-96733-96738/main_container_for_tictactoe_classic/node_modules/@babel/parser/lib/index.js:5140:24)
    at FlowParserMixin.parseStatementListItem (/home/kavia/workspace/code-generation/tictactoe-classic-96733-96738/main_container_for_tictactoe_classic/node_modules/@babel/parser/lib/index.js:12386:17)
    at FlowParserMixin.parseBlockOrModuleBlockBody (/home/kavia/workspace/code-generation/tictactoe-classic-96733-96738/main_container_for_tictactoe_classic/node_modules/@babel/parser/lib/index.js:12960:61)
    at FlowParserMixin.parseBlockBody (/home/kavia/workspace/code-generation/tictactoe-classic-96733-96738/main_container_for_tictactoe_classic/node_modules/@babel/parser/lib/index.js:12953:10)
    at FlowParserMixin.parseBlock (/home/kavia/workspace/code-generation/tictactoe-classic-96733-96738/main_container_for_tictactoe_classic/node_modules/@babel/parser/lib/index.js:12941:10)
    at FlowParserMixin.parseFunctionBody (/home/kavia/workspace/code-generation/tictactoe-classic-96733-96738/main_container_for_tictactoe_classic/node_modules/@babel/parser/lib/index.js:11783:24)
    at FlowParserMixin.parseFunctionBody (/home/kavia/workspace/code-generation/tictactoe-classic-96733-96738/main_container_for_tictactoe_classic/node_modules/@babel/parser/lib/index.js:5117:11)
    at FlowParserMixin.parseFunctionBodyAndFinish (/home/kavia/workspace/code-generation/tictactoe-classic-96733-96738/main_container_for_tictactoe_classic/node_modules/@babel/parser/lib/index.js:11769:10)
    at FlowParserMixin.parseFunctionBodyAndFinish (/home/kavia/workspace/code-generation/tictactoe-classic-96733-96738/main_container_for_tictactoe_classic/node_modules/@babel/parser/lib/index.js:5125:18)
    at /home/kavia/workspace/code-generation/tictactoe-classic-96733-96738/main_container_for_tictactoe_classic/node_modules/@babel/parser/lib/index.js:13085:12
    at FlowParserMixin.withSmartMixTopicForbiddingContext (/home/kavia/workspace/code-generation/tictactoe-classic-96733-96738/main_container_for_tictactoe_classic/node_modules/@babel/parser/lib/index.js:12077:14)
    at FlowParserMixin.parseFunction (/home/kavia/workspace/code-generation/tictactoe-classic-96733-96738/main_container_for_tictactoe_classic/node_modules/@babel/parser/lib/index.js:13084:10)
    at FlowParserMixin.parseFunctionStatement (/home/kavia/workspace/code-generation/tictactoe-classic-96733-96738/main_container_for_tictactoe_classic/node_modules/@babel/parser/lib/index.js:12769:17)
    at FlowParserMixin.parseStatementContent (/home/kavia/workspace/code-generation/tictactoe-classic-96733-96738/main_container_for_tictactoe_classic/node_modules/@babel/parser/lib/index.js:12430:21)
    at FlowParserMixin.parseStatementLike (/home/kavia/workspace/code-generation/tictactoe-classic-96733-96738/main_container_for_tictactoe_classic/node_modules/@babel/parser/lib/index.js:12406:17)
    at FlowParserMixin.parseStatementLike (/home/kavia/workspace/code-generation/tictactoe-classic-96733-96738/main_container_for_tictactoe_classic/node_modules/@babel/parser/lib/index.js:5140:24)
    at FlowParserMixin.parseModuleItem (/home/kavia/workspace/code-generation/tictactoe-classic-96733-96738/main_container_for_tictactoe_classic/node_modules/@babel/parser/lib/index.js:12383:17)
    at FlowParserMixin.parseBlockOrModuleBlockBody (/home/kavia/workspace/code-generation/tictactoe-classic-96733-96738/main_container_for_tictactoe_classic/node_modules/@babel/parser/lib/index.js:12960:36)
    at FlowParserMixin.parseBlockBody (/home/kavia/workspace/code-generation/tictactoe-classic-96733-96738/main_container_for_tictactoe_classic/node_modules/@babel/parser/lib/index.js:12953:10)
    at FlowParserMixin.parseProgram (/home/kavia/workspace/code-generation/tictactoe-classic-96733-96738/main_container_for_tictactoe_classic/node_modules/@babel/parser/lib/index.js:12280:10)
    at FlowParserMixin.parseTopLevel (/home/kavia/workspace/code-generation/tictactoe-classic-96733-96738/main_container_for_tictactoe_classic/node_modules/@babel/parser/lib/index.js:12270:25)
    at FlowParserMixin.parseTopLevel (/home/kavia/workspace/code-generation/tictactoe-classic-96733-96738/main_container_for_tictactoe_classic/node_modules/@babel/parser/lib/index.js:5909:28)
    at FlowParserMixin.parse (/home/kavia/workspace/code-generation/tictactoe-classic-96733-96738/main_container_for_tictactoe_classic/node_modules/@babel/parser/lib/index.js:14120:10)
    at parse (/home/kavia/workspace/code-generation/tictactoe-classic-96733-96738/main_container_for_tictactoe_classic/node_modules/@babel/parser/lib/index.js:14154:38)
    at parser (/home/kavia/workspace/code-generation/tictactoe-classic-96733-96738/main_container_for_tictactoe_classic/node_modules/@babel/core/lib/parser/index.js:41:34)
    at parser.next (<anonymous>)
    at normalizeFile (/home/kavia/workspace/code-generation/tictactoe-classic-96733-96738/main_container_for_tictactoe_classic/node_modules/@babel/core/lib/transformation/normalize-file.js:64:37)
    at normalizeFile.next (<anonymous>)
    at run (/home/kavia/workspace/code-generation/tictactoe-classic-96733-96738/main_container_for_tictactoe_classic/node_modules/@babel/core/lib/transformation/index.js:22:50)
    at run.next (<anonymous>)
    at transform (/home/kavia/workspace/code-generation/tictactoe-classic-96733-96738/main_container_for_tictactoe_classic/node_modules/@babel/core/lib/transform.js:22:33)
    at transform.next (<anonymous>)
    at step (/home/kavia/workspace/code-generation/tictactoe-classic-96733-96738/main_container_for_tictactoe_classic/node_modules/gensync/index.js:261:32)
    at /home/kavia/workspace/code-generation/tictactoe-classic-96733-96738/main_container_for_tictactoe_classic/node_modules/gensync/index.js:273:13
    at async.call.result.err.err (/home/kavia/workspace/code-generation/tictactoe-classic-96733-96738/main_container_for_tictactoe_classic/node_modules/gensync/index.js:223:11)

ERROR in [eslint] 
src/components/TicTacToe.js
  Line 120:8:  Parsing error: Identifier 'handleClick' has already been declared. (120:8)

webpack compiled with 2 errors
Compiling...
Compiled successfully!
webpack compiled successfully
Compiling...
Compiled successfully!
webpack compiled successfully
Compiling...
Compiled successfully!
webpack compiled successfully
Compiling...
Compiled successfully!
webpack compiled successfully
Compiling...
Compiled successfully!
webpack compiled successfully
Compiling...
Compiled successfully!
webpack compiled successfully
Compiling...
Compiled successfully!
webpack compiled successfully
Compiling...
Compiled with warnings.

[eslint] 
src/components/GameBoard.js
  Line 1:17:  'useState' is defined but never used   no-unused-vars
  Line 1:27:  'useEffect' is defined but never used  no-unused-vars

Search for the keywords to learn more about each warning.
To ignore, add // eslint-disable-next-line to the line before.

WARNING in [eslint] 
src/components/GameBoard.js
  Line 1:17:  'useState' is defined but never used   no-unused-vars
  Line 1:27:  'useEffect' is defined but never used  no-unused-vars

webpack compiled with 1 warning
Compiling...
Compiled with warnings.

[eslint] 
src/components/GameBoard.js
  Line 15:10:  'winningLine' is assigned a value but never used  no-unused-vars

Search for the keywords to learn more about each warning.
To ignore, add // eslint-disable-next-line to the line before.

WARNING in [eslint] 
src/components/GameBoard.js
  Line 15:10:  'winningLine' is assigned a value but never used  no-unused-vars

webpack compiled with 1 warning
Compiling...
Compiled successfully!
webpack compiled successfully
Compiling...
Compiled successfully!
webpack compiled successfully
